<?xml version="1.0" encoding="UTF-8"?>
<!-- Generated by org.testng.reporters.JUnitXMLReporter -->
<testsuite ignored="0" hostname="DESKTOP-Q596LBN" failures="1" tests="5" name="Default test" time="520.981" errors="0" timestamp="2025-11-24T11:07:32 IST">
  <testcase classname="io.cucumber.testng.AbstractTestNGCucumberTests" name="runScenario" time="80.405"/>
  <testcase classname="io.cucumber.testng.AbstractTestNGCucumberTests" name="runScenario" time="80.581"/>
  <testcase classname="io.cucumber.testng.AbstractTestNGCucumberTests" name="runScenario" time="85.019"/>
  <testcase classname="io.cucumber.testng.AbstractTestNGCucumberTests" name="runScenario" time="155.63">
    <failure type="org.openqa.selenium.ElementClickInterceptedException" message="element click intercepted: Element &amp;lt;span class=&amp;quot;inline-menu__link-text&amp;quot;&amp;gt;...&amp;lt;/span&amp;gt; is not clickable at point (925, 43). Other element would receive the click: &amp;lt;iframe id=&amp;quot;google_ads_iframe_/4654/cna_dweb/oop/international/landingpage/na_0&amp;quot; name=&amp;quot;google_ads_iframe_/4654/cna_dweb/oop/international/landingpage/na_0&amp;quot; title=&amp;quot;3rd party ad content&amp;quot; width=&amp;quot;1&amp;quot; height=&amp;quot;1&amp;quot; scrolling=&amp;quot;no&amp;quot; marginwidth=&amp;quot;0&amp;quot; marginheight=&amp;quot;0&amp;quot; frameborder=&amp;quot;0&amp;quot; aria-label=&amp;quot;Advertisement&amp;quot; tabindex=&amp;quot;0&amp;quot; allow=&amp;quot;private-state-token-redemption;attribution-reporting&amp;quot; data-load-complete=&amp;quot;true&amp;quot; data-google-container-id=&amp;quot;2&amp;quot; style=&amp;quot;border: 0px; vertical-align: bottom; height: 100%; width: 100%; display: block; position: fixed; top: 0px; left: 0px; z-index: 9999999;&amp;quot; data-gtm-yt-inspected-39551834_238=&amp;quot;true&amp;quot; data-gtm-yt-inspected-14=&amp;quot;true&amp;quot;&amp;gt;&amp;lt;/iframe&amp;gt;
  (Session info: chrome=142.0.7444.176)
Build info: version: &amp;apos;4.25.0&amp;apos;, revision: &amp;apos;8a8aea2337&amp;apos;
System info: os.name: &amp;apos;Windows 10&amp;apos;, os.arch: &amp;apos;amd64&amp;apos;, os.version: &amp;apos;10.0&amp;apos;, java.version: &amp;apos;17.0.7&amp;apos;
Driver info: org.openqa.selenium.chrome.ChromeDriver
Command: [40bdb3d16a4fdb2fd37c0775a15da545, clickElement {id=f.ABCC60D0A742D050763B570366B0D0C2.d.B3A95908805DBEFC5B9957B1973290F9.e.38}]
Capabilities {acceptInsecureCerts: false, browserName: chrome, browserVersion: 142.0.7444.176, chrome: {chromedriverVersion: 142.0.7444.175 (302067f14a4..., userDataDir: C:\Users\IFOCUS\AppData\Loc...}, fedcm:accounts: true, goog:chromeOptions: {debuggerAddress: localhost:60844}, goog:processID: 5984, networkConnectionEnabled: false, pageLoadStrategy: normal, platformName: windows, proxy: Proxy(), se:cdp: ws://localhost:60844/devtoo..., se:cdpVersion: 142.0.7444.176, setWindowRect: true, strictFileInteractability: false, timeouts: {implicit: 0, pageLoad: 300000, script: 30000}, unhandledPromptBehavior: dismiss and notify, webauthn:extension:credBlob: true, webauthn:extension:largeBlob: true, webauthn:extension:minPinLength: true, webauthn:extension:prf: true, webauthn:virtualAuthenticators: true}
Element: [[ChromeDriver: chrome on windows (40bdb3d16a4fdb2fd37c0775a15da545)] -&amp;gt; xpath: //*[normalize-space(text())=&amp;apos;Sign In&amp;apos;]]
Session ID: 40bdb3d16a4fdb2fd37c0775a15da545">
      <![CDATA[org.openqa.selenium.ElementClickInterceptedException: element click intercepted: Element <span class="inline-menu__link-text">...</span> is not clickable at point (925, 43). Other element would receive the click: <iframe id="google_ads_iframe_/4654/cna_dweb/oop/international/landingpage/na_0" name="google_ads_iframe_/4654/cna_dweb/oop/international/landingpage/na_0" title="3rd party ad content" width="1" height="1" scrolling="no" marginwidth="0" marginheight="0" frameborder="0" aria-label="Advertisement" tabindex="0" allow="private-state-token-redemption;attribution-reporting" data-load-complete="true" data-google-container-id="2" style="border: 0px; vertical-align: bottom; height: 100%; width: 100%; display: block; position: fixed; top: 0px; left: 0px; z-index: 9999999;" data-gtm-yt-inspected-39551834_238="true" data-gtm-yt-inspected-14="true"></iframe>
  (Session info: chrome=142.0.7444.176)
Build info: version: '4.25.0', revision: '8a8aea2337'
System info: os.name: 'Windows 10', os.arch: 'amd64', os.version: '10.0', java.version: '17.0.7'
Driver info: org.openqa.selenium.chrome.ChromeDriver
Command: [40bdb3d16a4fdb2fd37c0775a15da545, clickElement {id=f.ABCC60D0A742D050763B570366B0D0C2.d.B3A95908805DBEFC5B9957B1973290F9.e.38}]
Capabilities {acceptInsecureCerts: false, browserName: chrome, browserVersion: 142.0.7444.176, chrome: {chromedriverVersion: 142.0.7444.175 (302067f14a4..., userDataDir: C:\Users\IFOCUS\AppData\Loc...}, fedcm:accounts: true, goog:chromeOptions: {debuggerAddress: localhost:60844}, goog:processID: 5984, networkConnectionEnabled: false, pageLoadStrategy: normal, platformName: windows, proxy: Proxy(), se:cdp: ws://localhost:60844/devtoo..., se:cdpVersion: 142.0.7444.176, setWindowRect: true, strictFileInteractability: false, timeouts: {implicit: 0, pageLoad: 300000, script: 30000}, unhandledPromptBehavior: dismiss and notify, webauthn:extension:credBlob: true, webauthn:extension:largeBlob: true, webauthn:extension:minPinLength: true, webauthn:extension:prf: true, webauthn:virtualAuthenticators: true}
Element: [[ChromeDriver: chrome on windows (40bdb3d16a4fdb2fd37c0775a15da545)] -> xpath: //*[normalize-space(text())='Sign In']]
Session ID: 40bdb3d16a4fdb2fd37c0775a15da545
at java.base/jdk.internal.reflect.NativeConstructorAccessorImpl.newInstance0(Native Method)
at java.base/jdk.internal.reflect.NativeConstructorAccessorImpl.newInstance(NativeConstructorAccessorImpl.java:77)
at java.base/jdk.internal.reflect.DelegatingConstructorAccessorImpl.newInstance(DelegatingConstructorAccessorImpl.java:45)
at java.base/java.lang.reflect.Constructor.newInstanceWithCaller(Constructor.java:499)
at java.base/java.lang.reflect.Constructor.newInstance(Constructor.java:480)
at org.openqa.selenium.remote.ErrorCodec.decode(ErrorCodec.java:167)
at org.openqa.selenium.remote.codec.w3c.W3CHttpResponseCodec.decode(W3CHttpResponseCodec.java:138)
at org.openqa.selenium.remote.codec.w3c.W3CHttpResponseCodec.decode(W3CHttpResponseCodec.java:50)
at org.openqa.selenium.remote.HttpCommandExecutor.execute(HttpCommandExecutor.java:190)
at org.openqa.selenium.remote.service.DriverCommandExecutor.invokeExecute(DriverCommandExecutor.java:216)
at org.openqa.selenium.remote.service.DriverCommandExecutor.execute(DriverCommandExecutor.java:174)
at org.openqa.selenium.remote.RemoteWebDriver.execute(RemoteWebDriver.java:545)
at org.openqa.selenium.remote.RemoteWebElement.execute(RemoteWebElement.java:223)
at org.openqa.selenium.remote.RemoteWebElement.click(RemoteWebElement.java:76)
at Steps.cnamultiloginsteps.click_on_signin(cnamultiloginsteps.java:31)
at ✽.User clicks login "Sign In" button(file:///C:/Users/IFOCUS/gitrepo/CucumberNew/src/test/resources/Features/cnamultilogins.feature:6)
]]>
    </failure>
  </testcase> <!-- runScenario -->
  <testcase classname="io.cucumber.testng.AbstractTestNGCucumberTests" name="runScenario" time="115.695"/>
</testsuite> <!-- Default test -->
