<?xml version="1.0" encoding="UTF-8"?>
<!-- Generated by org.testng.reporters.JUnitReportReporter -->
<testsuite hostname="DESKTOP-Q596LBN" failures="0" tests="5" name="TestRunner.testrunner" time="517.330" errors="1" timestamp="2025-11-24T11:07:33 IST" skipped="0">
  <testcase classname="TestRunner.testrunner" name="runScenario" time="85.019"/>
  <testcase classname="TestRunner.testrunner" name="runScenario" time="80.405"/>
  <testcase classname="TestRunner.testrunner" name="runScenario" time="115.695"/>
  <testcase classname="TestRunner.testrunner" name="runScenario" time="80.581"/>
  <testcase classname="TestRunner.testrunner" name="runScenario" time="155.630">
    <error message="element click intercepted: Element &lt;span class=&quot;inline-menu__link-text&quot;&gt;...&lt;/span&gt; is not clickable at point (925, 43). Other element would receive the click: &lt;iframe id=&quot;google_ads_iframe_/4654/cna_dweb/oop/international/landingpage/na_0&quot; name=&quot;google_ads_iframe_/4654/cna_dweb/oop/international/landingpage/na_0&quot; title=&quot;3rd party ad content&quot; width=&quot;1&quot; height=&quot;1&quot; scrolling=&quot;no&quot; marginwidth=&quot;0&quot; marginheight=&quot;0&quot; frameborder=&quot;0&quot; aria-label=&quot;Advertisement&quot; tabindex=&quot;0&quot; allow=&quot;private-state-token-redemption;attribution-reporting&quot; data-load-complete=&quot;true&quot; data-google-container-id=&quot;2&quot; style=&quot;border: 0px; vertical-align: bottom; height: 100%; width: 100%; display: block; position: fixed; top: 0px; left: 0px; z-index: 9999999;&quot; data-gtm-yt-inspected-39551834_238=&quot;true&quot; data-gtm-yt-inspected-14=&quot;true&quot;&gt;&lt;/iframe&gt;
  (Session info: chrome=142.0.7444.176)
Build info: version: &#039;4.25.0&#039;, revision: &#039;8a8aea2337&#039;
System info: os.name: &#039;Windows 10&#039;, os.arch: &#039;amd64&#039;, os.version: &#039;10.0&#039;, java.version: &#039;17.0.7&#039;
Driver info: org.openqa.selenium.chrome.ChromeDriver
Command: [40bdb3d16a4fdb2fd37c0775a15da545, clickElement {id=f.ABCC60D0A742D050763B570366B0D0C2.d.B3A95908805DBEFC5B9957B1973290F9.e.38}]
Capabilities {acceptInsecureCerts: false, browserName: chrome, browserVersion: 142.0.7444.176, chrome: {chromedriverVersion: 142.0.7444.175 (302067f14a4..., userDataDir: C:\Users\IFOCUS\AppData\Loc...}, fedcm:accounts: true, goog:chromeOptions: {debuggerAddress: localhost:60844}, goog:processID: 5984, networkConnectionEnabled: false, pageLoadStrategy: normal, platformName: windows, proxy: Proxy(), se:cdp: ws://localhost:60844/devtoo..., se:cdpVersion: 142.0.7444.176, setWindowRect: true, strictFileInteractability: false, timeouts: {implicit: 0, pageLoad: 300000, script: 30000}, unhandledPromptBehavior: dismiss and notify, webauthn:extension:credBlob: true, webauthn:extension:largeBlob: true, webauthn:extension:minPinLength: true, webauthn:extension:prf: true, webauthn:virtualAuthenticators: true}
Element: [[ChromeDriver: chrome on windows (40bdb3d16a4fdb2fd37c0775a15da545)] -&gt; xpath: //*[normalize-space(text())=&#039;Sign In&#039;]]
Session ID: 40bdb3d16a4fdb2fd37c0775a15da545" type="org.openqa.selenium.ElementClickInterceptedException">
      <![CDATA[org.openqa.selenium.ElementClickInterceptedException: element click intercepted: Element <span class="inline-menu__link-text">...</span> is not clickable at point (925, 43). Other element would receive the click: <iframe id="google_ads_iframe_/4654/cna_dweb/oop/international/landingpage/na_0" name="google_ads_iframe_/4654/cna_dweb/oop/international/landingpage/na_0" title="3rd party ad content" width="1" height="1" scrolling="no" marginwidth="0" marginheight="0" frameborder="0" aria-label="Advertisement" tabindex="0" allow="private-state-token-redemption;attribution-reporting" data-load-complete="true" data-google-container-id="2" style="border: 0px; vertical-align: bottom; height: 100%; width: 100%; display: block; position: fixed; top: 0px; left: 0px; z-index: 9999999;" data-gtm-yt-inspected-39551834_238="true" data-gtm-yt-inspected-14="true"></iframe>
  (Session info: chrome=142.0.7444.176)
Build info: version: '4.25.0', revision: '8a8aea2337'
System info: os.name: 'Windows 10', os.arch: 'amd64', os.version: '10.0', java.version: '17.0.7'
Driver info: org.openqa.selenium.chrome.ChromeDriver
Command: [40bdb3d16a4fdb2fd37c0775a15da545, clickElement {id=f.ABCC60D0A742D050763B570366B0D0C2.d.B3A95908805DBEFC5B9957B1973290F9.e.38}]
Capabilities {acceptInsecureCerts: false, browserName: chrome, browserVersion: 142.0.7444.176, chrome: {chromedriverVersion: 142.0.7444.175 (302067f14a4..., userDataDir: C:\Users\IFOCUS\AppData\Loc...}, fedcm:accounts: true, goog:chromeOptions: {debuggerAddress: localhost:60844}, goog:processID: 5984, networkConnectionEnabled: false, pageLoadStrategy: normal, platformName: windows, proxy: Proxy(), se:cdp: ws://localhost:60844/devtoo..., se:cdpVersion: 142.0.7444.176, setWindowRect: true, strictFileInteractability: false, timeouts: {implicit: 0, pageLoad: 300000, script: 30000}, unhandledPromptBehavior: dismiss and notify, webauthn:extension:credBlob: true, webauthn:extension:largeBlob: true, webauthn:extension:minPinLength: true, webauthn:extension:prf: true, webauthn:virtualAuthenticators: true}
Element: [[ChromeDriver: chrome on windows (40bdb3d16a4fdb2fd37c0775a15da545)] -> xpath: //*[normalize-space(text())='Sign In']]
Session ID: 40bdb3d16a4fdb2fd37c0775a15da545
at java.base/jdk.internal.reflect.NativeConstructorAccessorImpl.newInstance0(Native Method)
at java.base/jdk.internal.reflect.NativeConstructorAccessorImpl.newInstance(NativeConstructorAccessorImpl.java:77)
at java.base/jdk.internal.reflect.DelegatingConstructorAccessorImpl.newInstance(DelegatingConstructorAccessorImpl.java:45)
at java.base/java.lang.reflect.Constructor.newInstanceWithCaller(Constructor.java:499)
at java.base/java.lang.reflect.Constructor.newInstance(Constructor.java:480)
at org.openqa.selenium.remote.ErrorCodec.decode(ErrorCodec.java:167)
at org.openqa.selenium.remote.codec.w3c.W3CHttpResponseCodec.decode(W3CHttpResponseCodec.java:138)
at org.openqa.selenium.remote.codec.w3c.W3CHttpResponseCodec.decode(W3CHttpResponseCodec.java:50)
at org.openqa.selenium.remote.HttpCommandExecutor.execute(HttpCommandExecutor.java:190)
at org.openqa.selenium.remote.service.DriverCommandExecutor.invokeExecute(DriverCommandExecutor.java:216)
at org.openqa.selenium.remote.service.DriverCommandExecutor.execute(DriverCommandExecutor.java:174)
at org.openqa.selenium.remote.RemoteWebDriver.execute(RemoteWebDriver.java:545)
at org.openqa.selenium.remote.RemoteWebElement.execute(RemoteWebElement.java:223)
at org.openqa.selenium.remote.RemoteWebElement.click(RemoteWebElement.java:76)
at Steps.cnamultiloginsteps.click_on_signin(cnamultiloginsteps.java:31)
at ✽.User clicks login "Sign In" button(file:///C:/Users/IFOCUS/gitrepo/CucumberNew/src/test/resources/Features/cnamultilogins.feature:6)
]]>
    </error>
  </testcase> <!-- runScenario -->
</testsuite> <!-- TestRunner.testrunner -->
